<?xml version="1.0" encoding="UTF-8"?>
<testng-results skipped="0" failed="0" ignored="0" total="1" passed="1">
  <reporter-output>
  </reporter-output>
  <suite name="Suite" duration-ms="29951" started-at="2023-01-05T20:52:32 IST" finished-at="2023-01-05T20:53:02 IST">
    <groups>
    </groups>
    <test name="chrometest1" duration-ms="29951" started-at="2023-01-05T20:52:32 IST" finished-at="2023-01-05T20:53:02 IST">
      <class name="reusables.Script1">
        <test-method status="PASS" signature="baseTest(java.lang.String)[pri:0, instance:reusables.Script1@289d1c02]" name="baseTest" is-config="true" duration-ms="22470" started-at="2023-01-05T20:52:32 IST" finished-at="2023-01-05T20:52:55 IST">
          <params>
            <param index="0">
              <value>
                <![CDATA[chrome]]>
              </value>
            </param>
          </params>
          <reporter-output>
          </reporter-output>
        </test-method> <!-- baseTest -->
        <test-method status="PASS" signature="sample()[pri:0, instance:reusables.Script1@289d1c02]" name="sample" duration-ms="7307" started-at="2023-01-05T20:52:55 IST" finished-at="2023-01-05T20:53:02 IST">
          <reporter-output>
          </reporter-output>
        </test-method> <!-- sample -->
        <test-method status="PASS" signature="close()[pri:0, instance:reusables.Script1@289d1c02]" name="close" is-config="true" duration-ms="131" started-at="2023-01-05T20:53:02 IST" finished-at="2023-01-05T20:53:02 IST">
          <reporter-output>
          </reporter-output>
        </test-method> <!-- close -->
      </class> <!-- reusables.Script1 -->
    </test> <!-- chrometest1 -->
  </suite> <!-- Suite -->
</testng-results>
