<?xml version="1.0" encoding="UTF-8"?>
<testng-results ignored="0" total="1" passed="1" failed="0" skipped="0">
  <reporter-output>
  </reporter-output>
  <suite started-at="2023-01-05T23:15:02 IST" name="Suite" finished-at="2023-01-05T23:15:13 IST" duration-ms="10954">
    <groups>
    </groups>
    <test started-at="2023-01-05T23:15:02 IST" name="chrometest1" finished-at="2023-01-05T23:15:13 IST" duration-ms="10954">
      <class name="reusables.Script1">
        <test-method is-config="true" signature="baseTest(java.lang.String)[pri:0, instance:reusables.Script1@59d016c9]" started-at="2023-01-05T23:15:03 IST" name="baseTest" finished-at="2023-01-05T23:15:11 IST" duration-ms="8985" status="PASS">
          <params>
            <param index="0">
              <value>
                <![CDATA[chrome]]>
              </value>
            </param>
          </params>
          <reporter-output>
          </reporter-output>
        </test-method> <!-- baseTest -->
        <test-method signature="sample()[pri:0, instance:reusables.Script1@59d016c9]" started-at="2023-01-05T23:15:11 IST" name="sample" finished-at="2023-01-05T23:15:13 IST" duration-ms="1827" status="PASS">
          <reporter-output>
          </reporter-output>
        </test-method> <!-- sample -->
        <test-method is-config="true" signature="close()[pri:0, instance:reusables.Script1@59d016c9]" started-at="2023-01-05T23:15:13 IST" name="close" finished-at="2023-01-05T23:15:13 IST" duration-ms="129" status="PASS">
          <reporter-output>
          </reporter-output>
        </test-method> <!-- close -->
      </class> <!-- reusables.Script1 -->
    </test> <!-- chrometest1 -->
  </suite> <!-- Suite -->
</testng-results>
