<?xml version="1.0" encoding="UTF-8"?>
<!-- Generated by org.testng.reporters.JUnitXMLReporter -->
<testsuite ignored="0" hostname="LTIN-APLLXFC7QJKQW" failures="0" tests="4" name="WIN10TEST" time="0.036" errors="0" timestamp="2022-12-02T20:31:51 IST">
  <testcase classname="com.la.lambdatest.LambdaTest" name="@BeforeMethod setup" time="0.004">
    <failure type="java.lang.NullPointerException" message="Cannot invoke &amp;quot;String.equalsIgnoreCase(String)&amp;quot; because &amp;quot;this.browserName&amp;quot; is null">
      <![CDATA[java.lang.NullPointerException: Cannot invoke "String.equalsIgnoreCase(String)" because "this.browserName" is null
at com.la.lambdatest.LambdaTest.setup(LambdaTest.java:39)
at java.base/java.util.ArrayList.forEach(ArrayList.java:1511)
at java.base/java.util.concurrent.FutureTask.run(FutureTask.java:264)
at java.base/java.util.concurrent.ThreadPoolExecutor.runWorker(ThreadPoolExecutor.java:1136)
at java.base/java.util.concurrent.ThreadPoolExecutor$Worker.run(ThreadPoolExecutor.java:635)
at java.base/java.lang.Thread.run(Thread.java:833)
... Removed 21 stack frames]]>
    </failure>
  </testcase> <!-- @BeforeMethod setup -->
  <testcase classname="com.la.lambdatest.LambdaTest" name="@AfterMethod tearDown" time="0.0">
    <skipped/>
  </testcase> <!-- @AfterMethod tearDown -->
  <testcase classname="com.la.lambdatest.LambdaTest" name="@BeforeMethod setup" time="0.0">
    <skipped/>
  </testcase> <!-- @BeforeMethod setup -->
  <testcase classname="com.la.lambdatest.LambdaTest" name="@AfterMethod tearDown" time="0.0">
    <skipped/>
  </testcase> <!-- @AfterMethod tearDown -->
  <testcase classname="com.la.lambdatest.LambdaTest" name="@BeforeMethod setup" time="0.0">
    <skipped/>
  </testcase> <!-- @BeforeMethod setup -->
  <testcase classname="com.la.lambdatest.LambdaTest" name="@AfterMethod tearDown" time="0.0">
    <skipped/>
  </testcase> <!-- @AfterMethod tearDown -->
  <testcase classname="com.la.lambdatest.LambdaTest" name="@BeforeMethod setup" time="0.0">
    <skipped/>
  </testcase> <!-- @BeforeMethod setup -->
  <testcase classname="com.la.lambdatest.LambdaTest" name="@AfterMethod tearDown" time="0.0">
    <skipped/>
  </testcase> <!-- @AfterMethod tearDown -->
  <testcase classname="com.la.lambdatest.LambdaTest" name="basicTest" time="0.0">
    <skipped/>
  </testcase> <!-- basicTest -->
  <testcase classname="com.la.lambdatest.LambdaTest" name="testUntitledTestCase" time="0.0">
    <skipped/>
  </testcase> <!-- testUntitledTestCase -->
  <testcase classname="com.la.lambdatest.LambdaTest" name="testUntitledTestCase1" time="0.0">
    <skipped/>
  </testcase> <!-- testUntitledTestCase1 -->
  <testcase classname="com.la.lambdatest.LambdaTest" name="testUntitledTestCase2" time="0.0">
    <skipped/>
  </testcase> <!-- testUntitledTestCase2 -->
</testsuite> <!-- WIN10TEST -->
