<?xml version="1.0" encoding="UTF-8"?>
<!-- Generated by org.testng.reporters.JUnitXMLReporter -->
<testsuite ignored="0" hostname="LTIN-APLLXFC7QJKQW" failures="1" tests="3" name="chrometest" time="40.844" errors="0" timestamp="2022-12-02T12:00:46 IST">
  <testcase classname="utilities.LambdaTestBaseTest" name="@AfterMethod close" time="0.034">
    <failure type="org.openqa.selenium.WebDriverException" message="Timed out waiting for driver server to stop.
Build info: version: &amp;apos;4.6.0&amp;apos;, revision: &amp;apos;79f1c02ae20&amp;apos;
System info: os.name: &amp;apos;Mac OS X&amp;apos;, os.arch: &amp;apos;aarch64&amp;apos;, os.version: &amp;apos;13.0&amp;apos;, java.version: &amp;apos;17.0.4.1&amp;apos;
Driver info: org.openqa.selenium.firefox.FirefoxDriver
Command: [e707e545-4d98-4fa2-b2e4-1ebe872faab2, quit {}]
Capabilities {acceptInsecureCerts: true, browserName: firefox, browserVersion: 106.0.2, moz:accessibilityChecks: false, moz:buildID: 20221025065831, moz:debuggerAddress: 127.0.0.1:16027, moz:geckodriverVersion: 0.32.0, moz:headless: false, moz:platformVersion: 22.1.0, moz:processID: 7501, moz:profile: /var/folders/f4/d69_gy2x0kg..., moz:shutdownTimeout: 60000, moz:useNonSpecCompliantPointerOrigin: false, moz:webdriverClick: true, moz:windowless: false, pageLoadStrategy: normal, platformName: MAC, proxy: Proxy(), se:cdp: ws://127.0.0.1:16027/devtoo..., se:cdpVersion: 85.0, setWindowRect: true, strictFileInteractability: false, timeouts: {implicit: 0, pageLoad: 300000, script: 30000}, unhandledPromptBehavior: dismiss and notify}
Session ID: e707e545-4d98-4fa2-b2e4-1ebe872faab2">
      <![CDATA[org.openqa.selenium.WebDriverException: Timed out waiting for driver server to stop.
Build info: version: '4.6.0', revision: '79f1c02ae20'
System info: os.name: 'Mac OS X', os.arch: 'aarch64', os.version: '13.0', java.version: '17.0.4.1'
Driver info: org.openqa.selenium.firefox.FirefoxDriver
Command: [e707e545-4d98-4fa2-b2e4-1ebe872faab2, quit {}]
Capabilities {acceptInsecureCerts: true, browserName: firefox, browserVersion: 106.0.2, moz:accessibilityChecks: false, moz:buildID: 20221025065831, moz:debuggerAddress: 127.0.0.1:16027, moz:geckodriverVersion: 0.32.0, moz:headless: false, moz:platformVersion: 22.1.0, moz:processID: 7501, moz:profile: /var/folders/f4/d69_gy2x0kg..., moz:shutdownTimeout: 60000, moz:useNonSpecCompliantPointerOrigin: false, moz:webdriverClick: true, moz:windowless: false, pageLoadStrategy: normal, platformName: MAC, proxy: Proxy(), se:cdp: ws://127.0.0.1:16027/devtoo..., se:cdpVersion: 85.0, setWindowRect: true, strictFileInteractability: false, timeouts: {implicit: 0, pageLoad: 300000, script: 30000}, unhandledPromptBehavior: dismiss and notify}
Session ID: e707e545-4d98-4fa2-b2e4-1ebe872faab2
at org.openqa.selenium.remote.service.DriverCommandExecutor.execute(DriverCommandExecutor.java:132)
at org.openqa.selenium.remote.RemoteWebDriver.execute(RemoteWebDriver.java:541)
at org.openqa.selenium.remote.RemoteWebDriver.execute(RemoteWebDriver.java:596)
at org.openqa.selenium.remote.RemoteWebDriver.execute(RemoteWebDriver.java:600)
at org.openqa.selenium.remote.RemoteWebDriver.quit(RemoteWebDriver.java:443)
at org.openqa.selenium.firefox.FirefoxDriver.quit(FirefoxDriver.java:307)
at utilities.LambdaTestBaseTest.close(LambdaTestBaseTest.java:70)
at java.base/java.util.ArrayList.forEach(ArrayList.java:1511)
at java.base/java.util.concurrent.FutureTask.run(FutureTask.java:264)
at java.base/java.util.concurrent.ThreadPoolExecutor.runWorker(ThreadPoolExecutor.java:1136)
at java.base/java.util.concurrent.ThreadPoolExecutor$Worker.run(ThreadPoolExecutor.java:635)
at java.base/java.lang.Thread.run(Thread.java:833)
Caused by: java.util.concurrent.ExecutionException: org.openqa.selenium.WebDriverException: The driver server has unexpectedly died!
Build info: version: '4.6.0', revision: '79f1c02ae20'
System info: os.name: 'Mac OS X', os.arch: 'aarch64', os.version: '13.0', java.version: '17.0.4.1'
Driver info: driver.version: unknown
at java.base/java.util.concurrent.CompletableFuture.reportGet(CompletableFuture.java:396)
at java.base/java.util.concurrent.CompletableFuture.get(CompletableFuture.java:2096)
at org.openqa.selenium.remote.service.DriverCommandExecutor.execute(DriverCommandExecutor.java:128)
... 33 more
Caused by: org.openqa.selenium.WebDriverException: The driver server has unexpectedly died!
Build info: version: '4.6.0', revision: '79f1c02ae20'
System info: os.name: 'Mac OS X', os.arch: 'aarch64', os.version: '13.0', java.version: '17.0.4.1'
Driver info: driver.version: unknown
at org.openqa.selenium.remote.service.DriverCommandExecutor.lambda$execute$1(DriverCommandExecutor.java:114)
at java.base/java.util.concurrent.CompletableFuture$AsyncSupply.run(CompletableFuture.java:1768)
... 3 more
Caused by: java.io.UncheckedIOException: java.net.ConnectException: Connection refused: localhost/[0:0:0:0:0:0:0:1]:1860
at org.openqa.selenium.remote.http.netty.NettyHttpHandler.makeCall(NettyHttpHandler.java:73)
at org.openqa.selenium.remote.http.AddSeleniumUserAgent.lambda$apply$0(AddSeleniumUserAgent.java:42)
at org.openqa.selenium.remote.http.Filter.lambda$andFinally$1(Filter.java:56)
at org.openqa.selenium.remote.http.netty.NettyHttpHandler.execute(NettyHttpHandler.java:49)
at org.openqa.selenium.remote.http.AddSeleniumUserAgent.lambda$apply$0(AddSeleniumUserAgent.java:42)
at org.openqa.selenium.remote.http.Filter.lambda$andFinally$1(Filter.java:56)
at org.openqa.selenium.remote.http.netty.NettyClient.execute(NettyClient.java:99)
at org.openqa.selenium.remote.HttpCommandExecutor.execute(HttpCommandExecutor.java:181)
at org.openqa.selenium.remote.service.DriverCommandExecutor.invokeExecute(DriverCommandExecutor.java:167)
at org.openqa.selenium.remote.service.DriverCommandExecutor.lambda$execute$1(DriverCommandExecutor.java:105)
... 4 more
Caused by: java.net.ConnectException: Connection refused: localhost/[0:0:0:0:0:0:0:1]:1860
at org.asynchttpclient.netty.channel.NettyConnectListener.onFailure(NettyConnectListener.java:179)
at org.asynchttpclient.netty.channel.NettyChannelConnector$1.onFailure(NettyChannelConnector.java:108)
at org.asynchttpclient.netty.SimpleChannelFutureListener.operationComplete(SimpleChannelFutureListener.java:28)
at org.asynchttpclient.netty.SimpleChannelFutureListener.operationComplete(SimpleChannelFutureListener.java:20)
at io.netty.util.concurrent.DefaultPromise.notifyListener0(DefaultPromise.java:578)
at io.netty.util.concurrent.DefaultPromise.notifyListeners0(DefaultPromise.java:571)
at io.netty.util.concurrent.DefaultPromise.notifyListenersNow(DefaultPromise.java:550)
at io.netty.util.concurrent.DefaultPromise.notifyListeners(DefaultPromise.java:491)
at io.netty.util.concurrent.DefaultPromise.setValue0(DefaultPromise.java:616)
at io.netty.util.concurrent.DefaultPromise.setFailure0(DefaultPromise.java:609)
at io.netty.util.concurrent.DefaultPromise.tryFailure(DefaultPromise.java:117)
at io.netty.channel.nio.AbstractNioChannel$AbstractNioUnsafe.fulfillConnectPromise(AbstractNioChannel.java:321)
at io.netty.channel.nio.AbstractNioChannel$AbstractNioUnsafe.finishConnect(AbstractNioChannel.java:337)
at io.netty.channel.nio.NioEventLoop.processSelectedKey(NioEventLoop.java:776)
at io.netty.channel.nio.NioEventLoop.processSelectedKeysOptimized(NioEventLoop.java:724)
at io.netty.channel.nio.NioEventLoop.processSelectedKeys(NioEventLoop.java:650)
at io.netty.channel.nio.NioEventLoop.run(NioEventLoop.java:562)
at io.netty.util.concurrent.SingleThreadEventExecutor$4.run(SingleThreadEventExecutor.java:997)
at io.netty.util.internal.ThreadExecutorMap$2.run(ThreadExecutorMap.java:74)
at io.netty.util.concurrent.FastThreadLocalRunnable.run(FastThreadLocalRunnable.java:30)
... 1 more
Caused by: io.netty.channel.AbstractChannel$AnnotatedConnectException: Connection refused: localhost/[0:0:0:0:0:0:0:1]:1860
Caused by: java.net.ConnectException: Connection refused
at java.base/sun.nio.ch.Net.pollConnect(Native Method)
at java.base/sun.nio.ch.Net.pollConnectNow(Net.java:672)
at java.base/sun.nio.ch.SocketChannelImpl.finishConnect(SocketChannelImpl.java:946)
at io.netty.channel.socket.nio.NioSocketChannel.doFinishConnect(NioSocketChannel.java:337)
at io.netty.channel.nio.AbstractNioChannel$AbstractNioUnsafe.finishConnect(AbstractNioChannel.java:334)
at io.netty.channel.nio.NioEventLoop.processSelectedKey(NioEventLoop.java:776)
at io.netty.channel.nio.NioEventLoop.processSelectedKeysOptimized(NioEventLoop.java:724)
at io.netty.channel.nio.NioEventLoop.processSelectedKeys(NioEventLoop.java:650)
at io.netty.channel.nio.NioEventLoop.run(NioEventLoop.java:562)
at io.netty.util.concurrent.SingleThreadEventExecutor$4.run(SingleThreadEventExecutor.java:997)
at io.netty.util.internal.ThreadExecutorMap$2.run(ThreadExecutorMap.java:74)
at io.netty.util.concurrent.FastThreadLocalRunnable.run(FastThreadLocalRunnable.java:30)
at java.base/java.lang.Thread.run(Thread.java:833)
... Removed 22 stack frames]]>
    </failure>
  </testcase> <!-- @AfterMethod close -->
  <testcase classname="utilities.LambdaTestBaseTest" name="@BeforeMethod baseTest" time="13.036">
    <failure type="org.openqa.selenium.NoSuchSessionException" message="Session ID is null. Using WebDriver after calling quit()?
Build info: version: &amp;apos;4.6.0&amp;apos;, revision: &amp;apos;79f1c02ae20&amp;apos;
System info: os.name: &amp;apos;Mac OS X&amp;apos;, os.arch: &amp;apos;aarch64&amp;apos;, os.version: &amp;apos;13.0&amp;apos;, java.version: &amp;apos;17.0.4.1&amp;apos;
Driver info: org.openqa.selenium.firefox.FirefoxDriver
Command: [null, maximizeCurrentWindow {}]
Capabilities {acceptInsecureCerts: true, browserName: firefox, browserVersion: 106.0.2, moz:accessibilityChecks: false, moz:buildID: 20221025065831, moz:debuggerAddress: 127.0.0.1:22550, moz:geckodriverVersion: 0.32.0, moz:headless: false, moz:platformVersion: 22.1.0, moz:processID: 7543, moz:profile: /var/folders/f4/d69_gy2x0kg..., moz:shutdownTimeout: 60000, moz:useNonSpecCompliantPointerOrigin: false, moz:webdriverClick: true, moz:windowless: false, pageLoadStrategy: normal, platformName: MAC, proxy: Proxy(), se:cdp: ws://127.0.0.1:22550/devtoo..., se:cdpVersion: 85.0, setWindowRect: true, strictFileInteractability: false, timeouts: {implicit: 0, pageLoad: 300000, script: 30000}, unhandledPromptBehavior: dismiss and notify}">
      <![CDATA[org.openqa.selenium.NoSuchSessionException: Session ID is null. Using WebDriver after calling quit()?
Build info: version: '4.6.0', revision: '79f1c02ae20'
System info: os.name: 'Mac OS X', os.arch: 'aarch64', os.version: '13.0', java.version: '17.0.4.1'
Driver info: org.openqa.selenium.firefox.FirefoxDriver
Command: [null, maximizeCurrentWindow {}]
Capabilities {acceptInsecureCerts: true, browserName: firefox, browserVersion: 106.0.2, moz:accessibilityChecks: false, moz:buildID: 20221025065831, moz:debuggerAddress: 127.0.0.1:22550, moz:geckodriverVersion: 0.32.0, moz:headless: false, moz:platformVersion: 22.1.0, moz:processID: 7543, moz:profile: /var/folders/f4/d69_gy2x0kg..., moz:shutdownTimeout: 60000, moz:useNonSpecCompliantPointerOrigin: false, moz:webdriverClick: true, moz:windowless: false, pageLoadStrategy: normal, platformName: MAC, proxy: Proxy(), se:cdp: ws://127.0.0.1:22550/devtoo..., se:cdpVersion: 85.0, setWindowRect: true, strictFileInteractability: false, timeouts: {implicit: 0, pageLoad: 300000, script: 30000}, unhandledPromptBehavior: dismiss and notify}
at org.openqa.selenium.remote.HttpCommandExecutor.execute(HttpCommandExecutor.java:145)
at org.openqa.selenium.remote.service.DriverCommandExecutor.invokeExecute(DriverCommandExecutor.java:167)
at org.openqa.selenium.remote.service.DriverCommandExecutor.execute(DriverCommandExecutor.java:142)
at org.openqa.selenium.remote.RemoteWebDriver.execute(RemoteWebDriver.java:541)
at org.openqa.selenium.remote.RemoteWebDriver.execute(RemoteWebDriver.java:596)
at org.openqa.selenium.remote.RemoteWebDriver.execute(RemoteWebDriver.java:600)
at org.openqa.selenium.remote.RemoteWebDriver$RemoteWebDriverOptions$RemoteWindow.maximize(RemoteWebDriver.java:952)
at utilities.LambdaTestBaseTest.baseTest(LambdaTestBaseTest.java:50)
at java.base/java.util.ArrayList.forEach(ArrayList.java:1511)
at java.base/java.util.concurrent.FutureTask.run(FutureTask.java:264)
at java.base/java.util.concurrent.ThreadPoolExecutor.runWorker(ThreadPoolExecutor.java:1136)
at java.base/java.util.concurrent.ThreadPoolExecutor$Worker.run(ThreadPoolExecutor.java:635)
at java.base/java.lang.Thread.run(Thread.java:833)
... Removed 21 stack frames]]>
    </failure>
  </testcase> <!-- @BeforeMethod baseTest -->
  <testcase classname="utilities.LambdaTestBaseTest" name="@AfterMethod close" time="0.0">
    <skipped/>
  </testcase> <!-- @AfterMethod close -->
  <testcase classname="reusables.Script1" name="sample" time="3.82">
    <failure type="org.openqa.selenium.NoSuchSessionException" message="Tried to run command without establishing a connection
Build info: version: &amp;apos;4.6.0&amp;apos;, revision: &amp;apos;79f1c02ae20&amp;apos;
System info: os.name: &amp;apos;Mac OS X&amp;apos;, os.arch: &amp;apos;aarch64&amp;apos;, os.version: &amp;apos;13.0&amp;apos;, java.version: &amp;apos;17.0.4.1&amp;apos;
Driver info: org.openqa.selenium.firefox.FirefoxDriver
Command: [e707e545-4d98-4fa2-b2e4-1ebe872faab2, findElement {using=xpath, value=//input[contains(@id,&amp;apos;user-message&amp;apos;)]}]
Capabilities {acceptInsecureCerts: true, browserName: firefox, browserVersion: 106.0.2, moz:accessibilityChecks: false, moz:buildID: 20221025065831, moz:debuggerAddress: 127.0.0.1:16027, moz:geckodriverVersion: 0.32.0, moz:headless: false, moz:platformVersion: 22.1.0, moz:processID: 7501, moz:profile: /var/folders/f4/d69_gy2x0kg..., moz:shutdownTimeout: 60000, moz:useNonSpecCompliantPointerOrigin: false, moz:webdriverClick: true, moz:windowless: false, pageLoadStrategy: normal, platformName: MAC, proxy: Proxy(), se:cdp: ws://127.0.0.1:16027/devtoo..., se:cdpVersion: 85.0, setWindowRect: true, strictFileInteractability: false, timeouts: {implicit: 0, pageLoad: 300000, script: 30000}, unhandledPromptBehavior: dismiss and notify}
Session ID: e707e545-4d98-4fa2-b2e4-1ebe872faab2">
      <![CDATA[org.openqa.selenium.NoSuchSessionException: Tried to run command without establishing a connection
Build info: version: '4.6.0', revision: '79f1c02ae20'
System info: os.name: 'Mac OS X', os.arch: 'aarch64', os.version: '13.0', java.version: '17.0.4.1'
Driver info: org.openqa.selenium.firefox.FirefoxDriver
Command: [e707e545-4d98-4fa2-b2e4-1ebe872faab2, findElement {using=xpath, value=//input[contains(@id,'user-message')]}]
Capabilities {acceptInsecureCerts: true, browserName: firefox, browserVersion: 106.0.2, moz:accessibilityChecks: false, moz:buildID: 20221025065831, moz:debuggerAddress: 127.0.0.1:16027, moz:geckodriverVersion: 0.32.0, moz:headless: false, moz:platformVersion: 22.1.0, moz:processID: 7501, moz:profile: /var/folders/f4/d69_gy2x0kg..., moz:shutdownTimeout: 60000, moz:useNonSpecCompliantPointerOrigin: false, moz:webdriverClick: true, moz:windowless: false, pageLoadStrategy: normal, platformName: MAC, proxy: Proxy(), se:cdp: ws://127.0.0.1:16027/devtoo..., se:cdpVersion: 85.0, setWindowRect: true, strictFileInteractability: false, timeouts: {implicit: 0, pageLoad: 300000, script: 30000}, unhandledPromptBehavior: dismiss and notify}
Session ID: e707e545-4d98-4fa2-b2e4-1ebe872faab2
at org.openqa.selenium.remote.codec.w3c.W3CHttpResponseCodec.createException(W3CHttpResponseCodec.java:200)
at org.openqa.selenium.remote.codec.w3c.W3CHttpResponseCodec.decode(W3CHttpResponseCodec.java:133)
at org.openqa.selenium.remote.codec.w3c.W3CHttpResponseCodec.decode(W3CHttpResponseCodec.java:53)
at org.openqa.selenium.remote.HttpCommandExecutor.execute(HttpCommandExecutor.java:184)
at org.openqa.selenium.remote.service.DriverCommandExecutor.invokeExecute(DriverCommandExecutor.java:167)
at org.openqa.selenium.remote.service.DriverCommandExecutor.execute(DriverCommandExecutor.java:142)
at org.openqa.selenium.remote.RemoteWebDriver.execute(RemoteWebDriver.java:541)
at org.openqa.selenium.remote.ElementLocation$ElementFinder$2.findElement(ElementLocation.java:162)
at org.openqa.selenium.remote.ElementLocation.findElement(ElementLocation.java:60)
at org.openqa.selenium.remote.RemoteWebDriver.findElement(RemoteWebDriver.java:365)
at org.openqa.selenium.remote.RemoteWebDriver.findElement(RemoteWebDriver.java:357)
at org.openqa.selenium.support.pagefactory.DefaultElementLocator.findElement(DefaultElementLocator.java:70)
at org.openqa.selenium.support.pagefactory.internal.LocatingElementHandler.invoke(LocatingElementHandler.java:39)
at jdk.proxy2/jdk.proxy2.$Proxy17.isEnabled(Unknown Source)
at org.openqa.selenium.support.ui.ExpectedConditions$23.apply(ExpectedConditions.java:662)
at org.openqa.selenium.support.ui.ExpectedConditions$23.apply(ExpectedConditions.java:656)
at org.openqa.selenium.support.ui.FluentWait.until(FluentWait.java:208)
at utilities.LambdaTestBaseTest.waitUntilElementClickable(LambdaTestBaseTest.java:78)
at pageobjects.FirstScenario.scenarioOne(FirstScenario.java:56)
at reusables.Script1.sample(Script1.java:11)
at java.base/java.util.ArrayList.forEach(ArrayList.java:1511)
at java.base/java.util.concurrent.FutureTask.run(FutureTask.java:264)
at java.base/java.util.concurrent.ThreadPoolExecutor.runWorker(ThreadPoolExecutor.java:1136)
at java.base/java.util.concurrent.ThreadPoolExecutor$Worker.run(ThreadPoolExecutor.java:635)
at java.base/java.lang.Thread.run(Thread.java:833)
... Removed 22 stack frames]]>
    </failure>
  </testcase> <!-- sample -->
  <testcase classname="reusables.Script2" name="sample" time="0.0">
    <skipped/>
  </testcase> <!-- sample -->
  <testcase classname="reusables.Script3" name="sample" time="2.879"/>
</testsuite> <!-- chrometest -->
