<?xml version="1.0" encoding="UTF-8"?>
<!-- Generated by org.testng.reporters.JUnitXMLReporter -->
<testsuite ignored="0" hostname="LTIN-APLLXFC7QJKQW" failures="2" tests="3" name="firefoxtest" time="32.018" errors="0" timestamp="2022-12-02T12:00:37 IST">
  <testcase classname="reusables.Script1" name="sample" time="3.045"/>
  <testcase classname="reusables.Script2" name="sample" time="3.427">
    <failure type="org.openqa.selenium.StaleElementReferenceException" message="The element reference of &amp;lt;a class=&amp;quot;text-black text-size-14 hover:text-lambda-900 leading-relaxed&amp;quot; href=&amp;quot;https://www.lambdatest.com/selenium-playground/drag-drop-range-sliders-demo&amp;quot;&amp;gt; is stale; either the element is no longer attached to the DOM, it is not in the current frame context, or the document has been refreshed
For documentation on this error, please visit: https://selenium.dev/exceptions/#stale_element_reference
Build info: version: &amp;apos;4.6.0&amp;apos;, revision: &amp;apos;79f1c02ae20&amp;apos;
System info: os.name: &amp;apos;Mac OS X&amp;apos;, os.arch: &amp;apos;aarch64&amp;apos;, os.version: &amp;apos;13.0&amp;apos;, java.version: &amp;apos;17.0.4.1&amp;apos;
Driver info: org.openqa.selenium.firefox.FirefoxDriver
Command: [e707e545-4d98-4fa2-b2e4-1ebe872faab2, clickElement {id=d3705819-5670-45e1-b356-e5a22dee6686}]
Capabilities {acceptInsecureCerts: true, browserName: firefox, browserVersion: 106.0.2, moz:accessibilityChecks: false, moz:buildID: 20221025065831, moz:debuggerAddress: 127.0.0.1:16027, moz:geckodriverVersion: 0.32.0, moz:headless: false, moz:platformVersion: 22.1.0, moz:processID: 7501, moz:profile: /var/folders/f4/d69_gy2x0kg..., moz:shutdownTimeout: 60000, moz:useNonSpecCompliantPointerOrigin: false, moz:webdriverClick: true, moz:windowless: false, pageLoadStrategy: normal, platformName: MAC, proxy: Proxy(), se:cdp: ws://127.0.0.1:16027/devtoo..., se:cdpVersion: 85.0, setWindowRect: true, strictFileInteractability: false, timeouts: {implicit: 0, pageLoad: 300000, script: 30000}, unhandledPromptBehavior: dismiss and notify}
Element: [[FirefoxDriver: firefox on MAC (e707e545-4d98-4fa2-b2e4-1ebe872faab2)] -&amp;gt; xpath: //a[contains(text(),&amp;apos;Drag &amp;amp; Drop Sliders&amp;apos;)]]
Session ID: e707e545-4d98-4fa2-b2e4-1ebe872faab2">
      <![CDATA[org.openqa.selenium.StaleElementReferenceException: The element reference of <a class="text-black text-size-14 hover:text-lambda-900 leading-relaxed" href="https://www.lambdatest.com/selenium-playground/drag-drop-range-sliders-demo"> is stale; either the element is no longer attached to the DOM, it is not in the current frame context, or the document has been refreshed
For documentation on this error, please visit: https://selenium.dev/exceptions/#stale_element_reference
Build info: version: '4.6.0', revision: '79f1c02ae20'
System info: os.name: 'Mac OS X', os.arch: 'aarch64', os.version: '13.0', java.version: '17.0.4.1'
Driver info: org.openqa.selenium.firefox.FirefoxDriver
Command: [e707e545-4d98-4fa2-b2e4-1ebe872faab2, clickElement {id=d3705819-5670-45e1-b356-e5a22dee6686}]
Capabilities {acceptInsecureCerts: true, browserName: firefox, browserVersion: 106.0.2, moz:accessibilityChecks: false, moz:buildID: 20221025065831, moz:debuggerAddress: 127.0.0.1:16027, moz:geckodriverVersion: 0.32.0, moz:headless: false, moz:platformVersion: 22.1.0, moz:processID: 7501, moz:profile: /var/folders/f4/d69_gy2x0kg..., moz:shutdownTimeout: 60000, moz:useNonSpecCompliantPointerOrigin: false, moz:webdriverClick: true, moz:windowless: false, pageLoadStrategy: normal, platformName: MAC, proxy: Proxy(), se:cdp: ws://127.0.0.1:16027/devtoo..., se:cdpVersion: 85.0, setWindowRect: true, strictFileInteractability: false, timeouts: {implicit: 0, pageLoad: 300000, script: 30000}, unhandledPromptBehavior: dismiss and notify}
Element: [[FirefoxDriver: firefox on MAC (e707e545-4d98-4fa2-b2e4-1ebe872faab2)] -> xpath: //a[contains(text(),'Drag & Drop Sliders')]]
Session ID: e707e545-4d98-4fa2-b2e4-1ebe872faab2
at org.openqa.selenium.remote.codec.w3c.W3CHttpResponseCodec.createException(W3CHttpResponseCodec.java:200)
at org.openqa.selenium.remote.codec.w3c.W3CHttpResponseCodec.decode(W3CHttpResponseCodec.java:133)
at org.openqa.selenium.remote.codec.w3c.W3CHttpResponseCodec.decode(W3CHttpResponseCodec.java:53)
at org.openqa.selenium.remote.HttpCommandExecutor.execute(HttpCommandExecutor.java:184)
at org.openqa.selenium.remote.service.DriverCommandExecutor.invokeExecute(DriverCommandExecutor.java:167)
at org.openqa.selenium.remote.service.DriverCommandExecutor.execute(DriverCommandExecutor.java:142)
at org.openqa.selenium.remote.RemoteWebDriver.execute(RemoteWebDriver.java:541)
at org.openqa.selenium.remote.RemoteWebElement.execute(RemoteWebElement.java:257)
at org.openqa.selenium.remote.RemoteWebElement.click(RemoteWebElement.java:78)
at org.openqa.selenium.support.pagefactory.internal.LocatingElementHandler.invoke(LocatingElementHandler.java:52)
at jdk.proxy2/jdk.proxy2.$Proxy17.click(Unknown Source)
at pageobjects.SecondScenario.scenarioTwo(SecondScenario.java:32)
at reusables.Script2.sample(Script2.java:14)
at java.base/java.util.ArrayList.forEach(ArrayList.java:1511)
at java.base/java.util.concurrent.FutureTask.run(FutureTask.java:264)
at java.base/java.util.concurrent.ThreadPoolExecutor.runWorker(ThreadPoolExecutor.java:1136)
at java.base/java.util.concurrent.ThreadPoolExecutor$Worker.run(ThreadPoolExecutor.java:635)
at java.base/java.lang.Thread.run(Thread.java:833)
... Removed 26 stack frames]]>
    </failure>
  </testcase> <!-- sample -->
  <testcase classname="reusables.Script3" name="sample" time="2.649">
    <failure type="java.lang.AssertionError" message="expected [Please fill in this field.] but found [Please fill out this field.]">
      <![CDATA[java.lang.AssertionError: expected [Please fill in this field.] but found [Please fill out this field.]
at pageobjects.ThirdScenario.ScenarioThree(ThirdScenario.java:76)
at reusables.Script3.sample(Script3.java:14)
at java.base/java.util.ArrayList.forEach(ArrayList.java:1511)
at java.base/java.util.concurrent.FutureTask.run(FutureTask.java:264)
at java.base/java.util.concurrent.ThreadPoolExecutor.runWorker(ThreadPoolExecutor.java:1136)
at java.base/java.util.concurrent.ThreadPoolExecutor$Worker.run(ThreadPoolExecutor.java:635)
at java.base/java.lang.Thread.run(Thread.java:833)
... Removed 23 stack frames]]>
    </failure>
  </testcase> <!-- sample -->
</testsuite> <!-- firefoxtest -->
