<?xml version="1.0" encoding="UTF-8"?>
<!-- Generated by org.testng.reporters.JUnitXMLReporter -->
<testsuite hostname="LTIN-APLLXFC7QJKQW" ignored="0" name="Test2" tests="3" failures="0" timestamp="2023-01-05T17:53:05 IST" time="4.483" errors="0">
  <testcase name="@BeforeMethod baseTest" time="2.847" classname="utilities.LambdaTestBaseTest">
    <failure type="org.openqa.selenium.SessionNotCreatedException" message="Could not start a new session. Response code 500. Message: Web Automation testing lifetime days exceeded for your organization. 
Host info: host: &amp;apos;LTIN-APLLXFC7QJKQW&amp;apos;, ip: &amp;apos;fe80:0:0:0:106a:390d:c70:b33c%en0&amp;apos;
Build info: version: &amp;apos;4.6.0&amp;apos;, revision: &amp;apos;79f1c02ae20&amp;apos;
System info: os.name: &amp;apos;Mac OS X&amp;apos;, os.arch: &amp;apos;x86_64&amp;apos;, os.version: &amp;apos;13.1&amp;apos;, java.version: &amp;apos;1.8.0_351&amp;apos;
Driver info: org.openqa.selenium.remote.RemoteWebDriver
Command: [null, newSession {capabilities=[Capabilities {LT:Options: {accessKey: V8grmvXYqz1beIVmeu5pQphkSIr..., plugin: java-testNG, project: Untitled, resolution: 2048x1536, selenium_version: 4.1.2, username: francisbellajay05, w3c: true}, acceptInsecureCerts: true, browserName: firefox, browserVersion: 107.0, moz:debuggerAddress: true, moz:firefoxOptions: {}, platformName: MacOS Ventura}], desiredCapabilities=Capabilities {LT:Options: {accessKey: V8grmvXYqz1beIVmeu5pQphkSIr..., plugin: java-testNG, project: Untitled, resolution: 2048x1536, selenium_version: 4.1.2, username: francisbellajay05, w3c: true}, acceptInsecureCerts: true, browserName: firefox, browserVersion: 107.0, moz:debuggerAddress: true, moz:firefoxOptions: {}, platformName: MacOS Ventura}}]
Capabilities {}">
      <![CDATA[org.openqa.selenium.SessionNotCreatedException: Could not start a new session. Response code 500. Message: Web Automation testing lifetime days exceeded for your organization. 
Host info: host: 'LTIN-APLLXFC7QJKQW', ip: 'fe80:0:0:0:106a:390d:c70:b33c%en0'
Build info: version: '4.6.0', revision: '79f1c02ae20'
System info: os.name: 'Mac OS X', os.arch: 'x86_64', os.version: '13.1', java.version: '1.8.0_351'
Driver info: org.openqa.selenium.remote.RemoteWebDriver
Command: [null, newSession {capabilities=[Capabilities {LT:Options: {accessKey: V8grmvXYqz1beIVmeu5pQphkSIr..., plugin: java-testNG, project: Untitled, resolution: 2048x1536, selenium_version: 4.1.2, username: francisbellajay05, w3c: true}, acceptInsecureCerts: true, browserName: firefox, browserVersion: 107.0, moz:debuggerAddress: true, moz:firefoxOptions: {}, platformName: MacOS Ventura}], desiredCapabilities=Capabilities {LT:Options: {accessKey: V8grmvXYqz1beIVmeu5pQphkSIr..., plugin: java-testNG, project: Untitled, resolution: 2048x1536, selenium_version: 4.1.2, username: francisbellajay05, w3c: true}, acceptInsecureCerts: true, browserName: firefox, browserVersion: 107.0, moz:debuggerAddress: true, moz:firefoxOptions: {}, platformName: MacOS Ventura}}]
Capabilities {}
at org.openqa.selenium.remote.ProtocolHandshake.createSession(ProtocolHandshake.java:146)
at org.openqa.selenium.remote.ProtocolHandshake.createSession(ProtocolHandshake.java:101)
at org.openqa.selenium.remote.ProtocolHandshake.createSession(ProtocolHandshake.java:67)
at org.openqa.selenium.remote.HttpCommandExecutor.execute(HttpCommandExecutor.java:156)
at org.openqa.selenium.remote.TracedCommandExecutor.execute(TracedCommandExecutor.java:51)
at org.openqa.selenium.remote.RemoteWebDriver.execute(RemoteWebDriver.java:541)
at org.openqa.selenium.remote.RemoteWebDriver.startSession(RemoteWebDriver.java:242)
at org.openqa.selenium.remote.RemoteWebDriver.<init>(RemoteWebDriver.java:157)
at org.openqa.selenium.remote.RemoteWebDriver.<init>(RemoteWebDriver.java:139)
at utilities.LambdaTestBaseTest.baseTest(LambdaTestBaseTest.java:93)
at java.util.ArrayList.forEach(ArrayList.java:1259)
at java.util.concurrent.FutureTask.run(FutureTask.java:266)
at java.util.concurrent.ThreadPoolExecutor.runWorker(ThreadPoolExecutor.java:1149)
at java.util.concurrent.ThreadPoolExecutor$Worker.run(ThreadPoolExecutor.java:624)
at java.lang.Thread.run(Thread.java:750)
... Removed 22 stack frames]]>
    </failure>
  </testcase> <!-- @BeforeMethod baseTest -->
  <testcase name="@AfterMethod close" time="0.001" classname="utilities.LambdaTestBaseTest">
    <failure type="java.lang.NullPointerException">
      <![CDATA[java.lang.NullPointerException
at utilities.LambdaTestBaseTest.close(LambdaTestBaseTest.java:123)
at java.util.ArrayList.forEach(ArrayList.java:1259)
at java.util.concurrent.FutureTask.run(FutureTask.java:266)
at java.util.concurrent.ThreadPoolExecutor.runWorker(ThreadPoolExecutor.java:1149)
at java.util.concurrent.ThreadPoolExecutor$Worker.run(ThreadPoolExecutor.java:624)
at java.lang.Thread.run(Thread.java:750)
... Removed 23 stack frames]]>
    </failure>
  </testcase> <!-- @AfterMethod close -->
  <testcase name="@BeforeMethod baseTest" time="0.743" classname="utilities.LambdaTestBaseTest">
    <failure type="org.openqa.selenium.SessionNotCreatedException" message="Could not start a new session. Response code 500. Message: Web Automation testing lifetime days exceeded for your organization. 
Host info: host: &amp;apos;LTIN-APLLXFC7QJKQW&amp;apos;, ip: &amp;apos;fe80:0:0:0:106a:390d:c70:b33c%en0&amp;apos;
Build info: version: &amp;apos;4.6.0&amp;apos;, revision: &amp;apos;79f1c02ae20&amp;apos;
System info: os.name: &amp;apos;Mac OS X&amp;apos;, os.arch: &amp;apos;x86_64&amp;apos;, os.version: &amp;apos;13.1&amp;apos;, java.version: &amp;apos;1.8.0_351&amp;apos;
Driver info: org.openqa.selenium.remote.RemoteWebDriver
Command: [null, newSession {capabilities=[Capabilities {LT:Options: {accessKey: V8grmvXYqz1beIVmeu5pQphkSIr..., plugin: java-testNG, project: Untitled, resolution: 2048x1536, selenium_version: 4.1.2, username: francisbellajay05, w3c: true}, acceptInsecureCerts: true, browserName: firefox, browserVersion: 107.0, moz:debuggerAddress: true, moz:firefoxOptions: {}, platformName: MacOS Ventura}], desiredCapabilities=Capabilities {LT:Options: {accessKey: V8grmvXYqz1beIVmeu5pQphkSIr..., plugin: java-testNG, project: Untitled, resolution: 2048x1536, selenium_version: 4.1.2, username: francisbellajay05, w3c: true}, acceptInsecureCerts: true, browserName: firefox, browserVersion: 107.0, moz:debuggerAddress: true, moz:firefoxOptions: {}, platformName: MacOS Ventura}}]
Capabilities {}">
      <![CDATA[org.openqa.selenium.SessionNotCreatedException: Could not start a new session. Response code 500. Message: Web Automation testing lifetime days exceeded for your organization. 
Host info: host: 'LTIN-APLLXFC7QJKQW', ip: 'fe80:0:0:0:106a:390d:c70:b33c%en0'
Build info: version: '4.6.0', revision: '79f1c02ae20'
System info: os.name: 'Mac OS X', os.arch: 'x86_64', os.version: '13.1', java.version: '1.8.0_351'
Driver info: org.openqa.selenium.remote.RemoteWebDriver
Command: [null, newSession {capabilities=[Capabilities {LT:Options: {accessKey: V8grmvXYqz1beIVmeu5pQphkSIr..., plugin: java-testNG, project: Untitled, resolution: 2048x1536, selenium_version: 4.1.2, username: francisbellajay05, w3c: true}, acceptInsecureCerts: true, browserName: firefox, browserVersion: 107.0, moz:debuggerAddress: true, moz:firefoxOptions: {}, platformName: MacOS Ventura}], desiredCapabilities=Capabilities {LT:Options: {accessKey: V8grmvXYqz1beIVmeu5pQphkSIr..., plugin: java-testNG, project: Untitled, resolution: 2048x1536, selenium_version: 4.1.2, username: francisbellajay05, w3c: true}, acceptInsecureCerts: true, browserName: firefox, browserVersion: 107.0, moz:debuggerAddress: true, moz:firefoxOptions: {}, platformName: MacOS Ventura}}]
Capabilities {}
at org.openqa.selenium.remote.ProtocolHandshake.createSession(ProtocolHandshake.java:146)
at org.openqa.selenium.remote.ProtocolHandshake.createSession(ProtocolHandshake.java:101)
at org.openqa.selenium.remote.ProtocolHandshake.createSession(ProtocolHandshake.java:67)
at org.openqa.selenium.remote.HttpCommandExecutor.execute(HttpCommandExecutor.java:156)
at org.openqa.selenium.remote.TracedCommandExecutor.execute(TracedCommandExecutor.java:51)
at org.openqa.selenium.remote.RemoteWebDriver.execute(RemoteWebDriver.java:541)
at org.openqa.selenium.remote.RemoteWebDriver.startSession(RemoteWebDriver.java:242)
at org.openqa.selenium.remote.RemoteWebDriver.<init>(RemoteWebDriver.java:157)
at org.openqa.selenium.remote.RemoteWebDriver.<init>(RemoteWebDriver.java:139)
at utilities.LambdaTestBaseTest.baseTest(LambdaTestBaseTest.java:93)
at java.util.ArrayList.forEach(ArrayList.java:1259)
at java.util.concurrent.FutureTask.run(FutureTask.java:266)
at java.util.concurrent.ThreadPoolExecutor.runWorker(ThreadPoolExecutor.java:1149)
at java.util.concurrent.ThreadPoolExecutor$Worker.run(ThreadPoolExecutor.java:624)
at java.lang.Thread.run(Thread.java:750)
... Removed 22 stack frames]]>
    </failure>
  </testcase> <!-- @BeforeMethod baseTest -->
  <testcase name="@AfterMethod close" time="0.0" classname="utilities.LambdaTestBaseTest">
    <failure type="java.lang.NullPointerException">
      <![CDATA[java.lang.NullPointerException
at utilities.LambdaTestBaseTest.close(LambdaTestBaseTest.java:123)
at java.util.ArrayList.forEach(ArrayList.java:1259)
at java.util.concurrent.FutureTask.run(FutureTask.java:266)
at java.util.concurrent.ThreadPoolExecutor.runWorker(ThreadPoolExecutor.java:1149)
at java.util.concurrent.ThreadPoolExecutor$Worker.run(ThreadPoolExecutor.java:624)
at java.lang.Thread.run(Thread.java:750)
... Removed 23 stack frames]]>
    </failure>
  </testcase> <!-- @AfterMethod close -->
  <testcase name="@BeforeMethod baseTest" time="0.725" classname="utilities.LambdaTestBaseTest">
    <failure type="org.openqa.selenium.SessionNotCreatedException" message="Could not start a new session. Response code 500. Message: Web Automation testing lifetime days exceeded for your organization. 
Host info: host: &amp;apos;LTIN-APLLXFC7QJKQW&amp;apos;, ip: &amp;apos;fe80:0:0:0:106a:390d:c70:b33c%en0&amp;apos;
Build info: version: &amp;apos;4.6.0&amp;apos;, revision: &amp;apos;79f1c02ae20&amp;apos;
System info: os.name: &amp;apos;Mac OS X&amp;apos;, os.arch: &amp;apos;x86_64&amp;apos;, os.version: &amp;apos;13.1&amp;apos;, java.version: &amp;apos;1.8.0_351&amp;apos;
Driver info: org.openqa.selenium.remote.RemoteWebDriver
Command: [null, newSession {capabilities=[Capabilities {LT:Options: {accessKey: V8grmvXYqz1beIVmeu5pQphkSIr..., plugin: java-testNG, project: Untitled, resolution: 2048x1536, selenium_version: 4.1.2, username: francisbellajay05, w3c: true}, acceptInsecureCerts: true, browserName: firefox, browserVersion: 107.0, moz:debuggerAddress: true, moz:firefoxOptions: {}, platformName: MacOS Ventura}], desiredCapabilities=Capabilities {LT:Options: {accessKey: V8grmvXYqz1beIVmeu5pQphkSIr..., plugin: java-testNG, project: Untitled, resolution: 2048x1536, selenium_version: 4.1.2, username: francisbellajay05, w3c: true}, acceptInsecureCerts: true, browserName: firefox, browserVersion: 107.0, moz:debuggerAddress: true, moz:firefoxOptions: {}, platformName: MacOS Ventura}}]
Capabilities {}">
      <![CDATA[org.openqa.selenium.SessionNotCreatedException: Could not start a new session. Response code 500. Message: Web Automation testing lifetime days exceeded for your organization. 
Host info: host: 'LTIN-APLLXFC7QJKQW', ip: 'fe80:0:0:0:106a:390d:c70:b33c%en0'
Build info: version: '4.6.0', revision: '79f1c02ae20'
System info: os.name: 'Mac OS X', os.arch: 'x86_64', os.version: '13.1', java.version: '1.8.0_351'
Driver info: org.openqa.selenium.remote.RemoteWebDriver
Command: [null, newSession {capabilities=[Capabilities {LT:Options: {accessKey: V8grmvXYqz1beIVmeu5pQphkSIr..., plugin: java-testNG, project: Untitled, resolution: 2048x1536, selenium_version: 4.1.2, username: francisbellajay05, w3c: true}, acceptInsecureCerts: true, browserName: firefox, browserVersion: 107.0, moz:debuggerAddress: true, moz:firefoxOptions: {}, platformName: MacOS Ventura}], desiredCapabilities=Capabilities {LT:Options: {accessKey: V8grmvXYqz1beIVmeu5pQphkSIr..., plugin: java-testNG, project: Untitled, resolution: 2048x1536, selenium_version: 4.1.2, username: francisbellajay05, w3c: true}, acceptInsecureCerts: true, browserName: firefox, browserVersion: 107.0, moz:debuggerAddress: true, moz:firefoxOptions: {}, platformName: MacOS Ventura}}]
Capabilities {}
at org.openqa.selenium.remote.ProtocolHandshake.createSession(ProtocolHandshake.java:146)
at org.openqa.selenium.remote.ProtocolHandshake.createSession(ProtocolHandshake.java:101)
at org.openqa.selenium.remote.ProtocolHandshake.createSession(ProtocolHandshake.java:67)
at org.openqa.selenium.remote.HttpCommandExecutor.execute(HttpCommandExecutor.java:156)
at org.openqa.selenium.remote.TracedCommandExecutor.execute(TracedCommandExecutor.java:51)
at org.openqa.selenium.remote.RemoteWebDriver.execute(RemoteWebDriver.java:541)
at org.openqa.selenium.remote.RemoteWebDriver.startSession(RemoteWebDriver.java:242)
at org.openqa.selenium.remote.RemoteWebDriver.<init>(RemoteWebDriver.java:157)
at org.openqa.selenium.remote.RemoteWebDriver.<init>(RemoteWebDriver.java:139)
at utilities.LambdaTestBaseTest.baseTest(LambdaTestBaseTest.java:93)
at java.util.ArrayList.forEach(ArrayList.java:1259)
at java.util.concurrent.FutureTask.run(FutureTask.java:266)
at java.util.concurrent.ThreadPoolExecutor.runWorker(ThreadPoolExecutor.java:1149)
at java.util.concurrent.ThreadPoolExecutor$Worker.run(ThreadPoolExecutor.java:624)
at java.lang.Thread.run(Thread.java:750)
... Removed 22 stack frames]]>
    </failure>
  </testcase> <!-- @BeforeMethod baseTest -->
  <testcase name="@AfterMethod close" time="0.001" classname="utilities.LambdaTestBaseTest">
    <failure type="java.lang.NullPointerException">
      <![CDATA[java.lang.NullPointerException
at utilities.LambdaTestBaseTest.close(LambdaTestBaseTest.java:123)
at java.util.ArrayList.forEach(ArrayList.java:1259)
at java.util.concurrent.FutureTask.run(FutureTask.java:266)
at java.util.concurrent.ThreadPoolExecutor.runWorker(ThreadPoolExecutor.java:1149)
at java.util.concurrent.ThreadPoolExecutor$Worker.run(ThreadPoolExecutor.java:624)
at java.lang.Thread.run(Thread.java:750)
... Removed 23 stack frames]]>
    </failure>
  </testcase> <!-- @AfterMethod close -->
  <testcase name="sample" time="0.0" classname="reusables.Script1">
    <skipped/>
  </testcase> <!-- sample -->
  <testcase name="sample" time="0.0" classname="reusables.Script2">
    <skipped/>
  </testcase> <!-- sample -->
  <testcase name="sample" time="0.0" classname="reusables.Script3">
    <skipped/>
  </testcase> <!-- sample -->
</testsuite> <!-- Test2 -->
